<?xml version="1.0" encoding="UTF-8"?>
<!-- Generated by org.testng.reporters.JUnitReportReporter -->
<testsuite hostname="Abhijith" failures="0" tests="1" name="extentReports.LearnExtentReport" time="6.613" errors="0" timestamp="2023-10-24T12:48:31 IST" skipped="0">
  <testcase classname="extentReports.LearnExtentReport" name="extentRepo" time="6.613"/>
  <system-out/>
</testsuite> <!-- extentReports.LearnExtentReport -->
